<?xml version="1.0" encoding="UTF-8"?>
<testng-results skipped="0" failed="0" ignored="0" total="2" passed="2">
  <reporter-output>
  </reporter-output>
  <suite name="Suite" duration-ms="72" started-at="2021-11-24T21:13:17 IST" finished-at="2021-11-24T21:13:17 IST">
    <groups>
    </groups>
    <test name="Test" duration-ms="72" started-at="2021-11-24T21:13:17 IST" finished-at="2021-11-24T21:13:17 IST">
      <class name="com.testng.features.ParameterizedTest2">
        <test-method status="PASS" signature="credentials(java.lang.String,java.lang.String)[pri:0, instance:com.testng.features.ParameterizedTest2@69a3d1d]" name="credentials" duration-ms="1" started-at="2021-11-24T21:13:17 IST" finished-at="2021-11-24T21:13:17 IST">
          <params>
            <param index="0">
              <value>
                <![CDATA[hitman]]>
              </value>
            </param>
            <param index="1">
              <value>
                <![CDATA[45]]>
              </value>
            </param>
          </params>
          <reporter-output>
          </reporter-output>
        </test-method> <!-- credentials -->
      </class> <!-- com.testng.features.ParameterizedTest2 -->
      <class name="com.testng.features.ParameterizedTest">
        <test-method status="PASS" signature="credentials(java.lang.String,java.lang.String)[pri:0, instance:com.testng.features.ParameterizedTest@2bbf4b8b]" name="credentials" duration-ms="10" started-at="2021-11-24T21:13:17 IST" finished-at="2021-11-24T21:13:17 IST">
          <params>
            <param index="0">
              <value>
                <![CDATA[Rohit]]>
              </value>
            </param>
            <param index="1">
              <value>
                <![CDATA[ro123]]>
              </value>
            </param>
          </params>
          <reporter-output>
          </reporter-output>
        </test-method> <!-- credentials -->
      </class> <!-- com.testng.features.ParameterizedTest -->
    </test> <!-- Test -->
  </suite> <!-- Suite -->
</testng-results>
